<?xml version="1.0" encoding="UTF-8"?>
<!-- Generated by org.testng.reporters.JUnitReportReporter -->
<testsuite hostname="Satish-ka-MacBook-Air.local" failures="0" tests="3" name="framework.SubmitOrder" time="28.149" errors="0" timestamp="2024-12-03T18:40:45 IST" skipped="0">
  <testcase classname="framework.SubmitOrder" name="submitOrder" time="15.470"/>
  <testcase classname="framework.SubmitOrder" name="submitOrder" time="8.489"/>
  <testcase classname="framework.SubmitOrder" name="orderHistoryTest" time="4.190"/>
</testsuite> <!-- framework.SubmitOrder -->
