<?xml version="1.0" encoding="UTF-8"?>
<!-- Generated by org.testng.reporters.JUnitReportReporter -->
<testsuite hostname="Satish-ka-MacBook-Air.local" failures="0" tests="1" name="framework.StandAloneTest" time="7.179" errors="0" timestamp="2024-11-27T17:09:36 IST" skipped="0">
  <testcase classname="framework.StandAloneTest" name="submitOrder" time="7.179"/>
</testsuite> <!-- framework.StandAloneTest -->
