<?xml version="1.0" encoding="UTF-8"?>
<!-- Generated by org.testng.reporters.JUnitReportReporter -->
<testsuite hostname="Satish-ka-MacBook-Air.local" failures="0" tests="3" name="framework.SubmitOrder" time="18.319" errors="0" timestamp="2024-12-03T19:11:43 IST" skipped="0">
  <testcase classname="framework.SubmitOrder" name="submitOrder" time="6.924"/>
  <testcase classname="framework.SubmitOrder" name="submitOrder" time="8.014"/>
  <testcase classname="framework.SubmitOrder" name="orderHistoryTest" time="3.381"/>
</testsuite> <!-- framework.SubmitOrder -->
