<?xml version="1.0" encoding="UTF-8"?>
<!-- Generated by org.testng.reporters.JUnitReportReporter -->
<testsuite hostname="Satish-ka-MacBook-Air.local" failures="0" tests="2" name="framework.ErrorValidations" time="9.348" errors="0" timestamp="2024-12-03T19:11:43 IST" skipped="0">
  <testcase classname="framework.ErrorValidations" name="ProductErrorValidation" time="6.647"/>
  <testcase classname="framework.ErrorValidations" name="LoginErrorValidation" time="2.701"/>
</testsuite> <!-- framework.ErrorValidations -->
